2025-02-16 01:24:03 [main] INFO  tests.BaseTest - Extent Report initialized
2025-02-16 01:24:06 [TestNG-tests-1] INFO  tests.BaseTest - Starting test: testGoogleSearch on browser: chrome
2025-02-16 01:24:48 [TestNG-tests-1] ERROR tests.BaseTest - Test FAILED: testGoogleSearch
2025-02-16 01:24:48 [TestNG-tests-1] INFO  tests.BaseTest - Driver closed after test: testGoogleSearch
2025-02-16 01:24:49 [main] INFO  tests.BaseTest - Extent Report flushed and saved.
2025-02-16 01:26:49 [main] INFO  tests.BaseTest - Extent Report initialized
2025-02-16 01:26:51 [main] INFO  tests.BaseTest - Starting test: testGoogleSearch on browser: chrome
2025-02-16 01:28:35 [main] ERROR tests.BaseTest - Test FAILED: testGoogleSearch
2025-02-16 01:28:36 [main] INFO  tests.BaseTest - Driver closed after test: testGoogleSearch
2025-02-16 01:28:36 [main] INFO  tests.BaseTest - Extent Report flushed and saved.
2025-02-17 14:07:32 [main] INFO  tests.BaseTest - Extent Report initialized
2025-02-17 14:07:37 [TestNG-tests-1] INFO  tests.BaseTest - Starting test: testGoogleSearch on browser: chrome
2025-02-17 14:08:14 [TestNG-tests-1] ERROR tests.BaseTest - Test FAILED: testGoogleSearch
2025-02-17 14:08:15 [TestNG-tests-1] INFO  tests.BaseTest - Driver closed after test: testGoogleSearch
2025-02-17 14:08:15 [main] INFO  tests.BaseTest - Extent Report flushed and saved.
2025-02-17 14:10:18 [main] INFO  tests.BaseTest - Extent Report initialized
2025-02-17 14:10:20 [TestNG-tests-1] INFO  tests.BaseTest - Starting test: testGoogleSearch on browser: chrome
2025-02-17 14:10:57 [main] INFO  tests.BaseTest - Extent Report initialized
2025-02-17 14:10:59 [TestNG-tests-1] INFO  tests.BaseTest - Starting test: testGoogleSearch on browser: chrome
2025-02-17 14:11:50 [TestNG-tests-1] ERROR tests.BaseTest - Test FAILED: testGoogleSearch
2025-02-17 14:11:50 [TestNG-tests-1] INFO  tests.BaseTest - Driver closed after test: testGoogleSearch
2025-02-17 14:11:51 [main] INFO  tests.BaseTest - Extent Report flushed and saved.
2025-02-17 14:14:15 [main] INFO  tests.BaseTest - Extent Report initialized
2025-02-17 14:14:17 [TestNG-tests-1] INFO  tests.BaseTest - Starting test: testGoogleSearch on browser: chrome
2025-02-17 14:14:47 [TestNG-tests-1] ERROR tests.BaseTest - Test FAILED: testGoogleSearch
2025-02-17 14:14:47 [TestNG-tests-1] INFO  tests.BaseTest - Driver closed after test: testGoogleSearch
2025-02-17 14:14:47 [main] INFO  tests.BaseTest - Extent Report flushed and saved.
2025-02-17 14:16:04 [main] INFO  tests.BaseTest - Extent Report initialized
2025-02-17 14:16:06 [TestNG-tests-1] INFO  tests.BaseTest - Starting test: testGoogleSearch on browser: chrome
2025-02-17 14:16:41 [TestNG-tests-1] INFO  tests.BaseTest - Test PASSED: testGoogleSearch
2025-02-17 14:16:42 [TestNG-tests-1] INFO  tests.BaseTest - Driver closed after test: testGoogleSearch
2025-02-17 14:16:42 [main] INFO  tests.BaseTest - Extent Report flushed and saved.
2025-02-17 14:19:11 [main] INFO  tests.BaseTest - Extent Report initialized
2025-02-17 14:19:13 [TestNG-tests-1] INFO  tests.BaseTest - Starting test: testGoogleSearch on browser: chrome
2025-02-17 14:19:47 [TestNG-tests-1] ERROR tests.BaseTest - Test FAILED: testGoogleSearch
2025-02-17 14:19:47 [TestNG-tests-1] INFO  tests.BaseTest - Driver closed after test: testGoogleSearch
2025-02-17 14:19:47 [main] INFO  tests.BaseTest - Extent Report flushed and saved.
2025-02-17 14:23:16 [main] INFO  tests.BaseTest - Extent Report initialized
2025-02-17 14:23:18 [TestNG-tests-1] INFO  tests.BaseTest - Starting test: testGoogleSearch on browser: chrome
2025-02-17 14:24:26 [TestNG-tests-1] ERROR tests.BaseTest - Test FAILED: testGoogleSearch
2025-02-17 14:24:27 [TestNG-tests-1] INFO  tests.BaseTest - Driver closed after test: testGoogleSearch
2025-02-17 14:24:27 [main] INFO  tests.BaseTest - Extent Report flushed and saved.
2025-02-17 14:25:23 [main] INFO  tests.BaseTest - Extent Report initialized
2025-02-17 14:25:24 [TestNG-tests-1] INFO  tests.BaseTest - Starting test: testGoogleSearch on browser: chrome
2025-02-17 14:26:38 [TestNG-tests-1] ERROR tests.BaseTest - Test FAILED: testGoogleSearch
2025-02-17 14:26:39 [TestNG-tests-1] INFO  tests.BaseTest - Driver closed after test: testGoogleSearch
2025-02-17 14:26:39 [main] INFO  tests.BaseTest - Extent Report flushed and saved.
2025-02-17 14:27:24 [main] INFO  tests.BaseTest - Extent Report initialized
2025-02-17 14:27:26 [TestNG-tests-1] INFO  tests.BaseTest - Starting test: testGoogleSearch on browser: chrome
2025-02-17 14:27:57 [TestNG-tests-1] ERROR tests.BaseTest - Test FAILED: testGoogleSearch
2025-02-17 14:27:57 [TestNG-tests-1] INFO  tests.BaseTest - Driver closed after test: testGoogleSearch
2025-02-17 14:27:58 [main] INFO  tests.BaseTest - Extent Report flushed and saved.
2025-02-17 14:31:59 [main] INFO  tests.BaseTest - Extent Report initialized
2025-02-17 14:32:01 [TestNG-tests-1] INFO  tests.BaseTest - Starting test: testGoogleSearch on browser: chrome
2025-02-17 14:32:09 [TestNG-tests-1] ERROR tests.BaseTest - Test FAILED: testGoogleSearch
2025-02-17 14:32:09 [TestNG-tests-1] INFO  tests.BaseTest - Driver closed after test: testGoogleSearch
2025-02-17 14:32:10 [main] INFO  tests.BaseTest - Extent Report flushed and saved.
2025-02-17 14:42:02 [main] INFO  tests.BaseTest - Extent Report initialized
2025-02-17 14:42:04 [TestNG-tests-1] INFO  tests.BaseTest - Starting test: testGoogleSearch on browser: chrome
2025-02-17 14:43:39 [TestNG-tests-1] ERROR tests.BaseTest - Test FAILED: testGoogleSearch
2025-02-17 14:43:39 [TestNG-tests-1] INFO  tests.BaseTest - Driver closed after test: testGoogleSearch
2025-02-17 14:43:40 [main] INFO  tests.BaseTest - Extent Report flushed and saved.
2025-02-17 14:54:47 [main] INFO  tests.BaseTest - Extent Report initialized
2025-02-17 14:54:49 [TestNG-tests-1] INFO  tests.BaseTest - Starting test: testGoogleSearch on browser: chrome
2025-02-17 14:55:54 [TestNG-tests-1] ERROR tests.BaseTest - Test FAILED: testGoogleSearch
2025-02-17 14:55:54 [TestNG-tests-1] INFO  tests.BaseTest - Driver closed after test: testGoogleSearch
2025-02-17 14:55:55 [main] INFO  tests.BaseTest - Extent Report flushed and saved.
2025-02-17 14:56:25 [main] INFO  tests.BaseTest - Extent Report initialized
2025-02-17 14:56:27 [TestNG-tests-1] INFO  tests.BaseTest - Starting test: testGoogleSearch on browser: chrome
2025-02-17 14:57:04 [TestNG-tests-1] INFO  tests.BaseTest - Test PASSED: testGoogleSearch
2025-02-17 14:57:04 [TestNG-tests-1] INFO  tests.BaseTest - Driver closed after test: testGoogleSearch
2025-02-17 14:57:04 [main] INFO  tests.BaseTest - Extent Report flushed and saved.
2025-02-17 15:29:50 [main] INFO  tests.BaseTest - Extent Report initialized
2025-02-17 15:29:53 [TestNG-tests-1] INFO  tests.BaseTest - Starting test: testGoogleSearch on browser: chrome
2025-02-17 15:30:33 [TestNG-tests-1] ERROR tests.BaseTest - Test FAILED: testGoogleSearch
2025-02-17 15:30:33 [TestNG-tests-1] INFO  tests.BaseTest - Driver closed after test: testGoogleSearch
2025-02-17 15:30:34 [main] INFO  tests.BaseTest - Extent Report flushed and saved.
2025-02-17 15:31:17 [main] INFO  tests.BaseTest - Extent Report initialized
2025-02-17 15:31:19 [TestNG-tests-1] INFO  tests.BaseTest - Starting test: testGoogleSearch on browser: chrome
2025-02-17 15:32:12 [TestNG-tests-1] ERROR tests.BaseTest - Test FAILED: testGoogleSearch
2025-02-17 15:32:13 [TestNG-tests-1] INFO  tests.BaseTest - Driver closed after test: testGoogleSearch
2025-02-17 15:32:14 [main] INFO  tests.BaseTest - Extent Report flushed and saved.
2025-02-17 15:33:50 [main] INFO  tests.BaseTest - Extent Report initialized
2025-02-17 15:33:53 [TestNG-tests-1] INFO  tests.BaseTest - Starting test: testGoogleSearch on browser: chrome
2025-02-17 15:34:33 [TestNG-tests-1] ERROR tests.BaseTest - Test FAILED: testGoogleSearch
2025-02-17 15:34:34 [TestNG-tests-1] INFO  tests.BaseTest - Driver closed after test: testGoogleSearch
2025-02-17 15:34:34 [main] INFO  tests.BaseTest - Extent Report flushed and saved.
2025-02-17 15:35:29 [main] INFO  tests.BaseTest - Extent Report initialized
2025-02-17 15:35:32 [TestNG-tests-1] INFO  tests.BaseTest - Starting test: testGoogleSearch on browser: chrome
2025-02-17 15:36:21 [TestNG-tests-1] ERROR tests.BaseTest - Test FAILED: testGoogleSearch
2025-02-17 15:36:22 [TestNG-tests-1] INFO  tests.BaseTest - Driver closed after test: testGoogleSearch
2025-02-17 15:36:23 [main] INFO  tests.BaseTest - Extent Report flushed and saved.
2025-02-17 15:36:47 [main] INFO  tests.BaseTest - Extent Report initialized
2025-02-17 15:36:50 [TestNG-tests-1] INFO  tests.BaseTest - Starting test: testGoogleSearch on browser: chrome
2025-02-17 15:37:25 [TestNG-tests-1] INFO  tests.BaseTest - Test PASSED: testGoogleSearch
2025-02-17 15:37:26 [TestNG-tests-1] INFO  tests.BaseTest - Driver closed after test: testGoogleSearch
2025-02-17 15:37:26 [main] INFO  tests.BaseTest - Extent Report flushed and saved.
2025-02-17 15:38:26 [main] INFO  tests.BaseTest - Extent Report initialized
2025-02-17 15:38:28 [TestNG-tests-1] INFO  tests.BaseTest - Starting test: testGoogleSearch on browser: chrome
2025-02-17 15:39:09 [TestNG-tests-1] INFO  tests.BaseTest - Test PASSED: testGoogleSearch
2025-02-17 15:39:10 [TestNG-tests-1] INFO  tests.BaseTest - Driver closed after test: testGoogleSearch
2025-02-17 15:39:11 [main] INFO  tests.BaseTest - Extent Report flushed and saved.
2025-02-17 15:40:08 [main] INFO  tests.BaseTest - Extent Report initialized
2025-02-17 15:40:10 [TestNG-tests-1] INFO  tests.BaseTest - Starting test: testGoogleSearch on browser: chrome
2025-02-17 15:40:53 [TestNG-tests-1] ERROR tests.BaseTest - Test FAILED: testGoogleSearch
2025-02-17 15:40:54 [TestNG-tests-1] INFO  tests.BaseTest - Driver closed after test: testGoogleSearch
2025-02-17 15:40:54 [main] INFO  tests.BaseTest - Extent Report flushed and saved.
2025-02-17 15:48:42 [main] INFO  tests.BaseTest - Extent Report initialized
2025-02-17 15:48:44 [TestNG-tests-1] INFO  tests.BaseTest - Starting test: testGoogleSearch on browser: chrome
2025-02-17 15:49:29 [TestNG-tests-1] INFO  tests.BaseTest - Test PASSED: testGoogleSearch
2025-02-17 15:49:29 [TestNG-tests-1] INFO  tests.BaseTest - Driver closed after test: testGoogleSearch
2025-02-17 15:49:30 [main] INFO  tests.BaseTest - Extent Report flushed and saved.
2025-02-17 15:59:22 [main] INFO  tests.BaseTest - Extent Report initialized
2025-02-17 15:59:25 [TestNG-tests-1] INFO  tests.BaseTest - Starting test: testGoogleSearch on browser: chrome
2025-02-17 16:00:26 [TestNG-tests-1] INFO  tests.BaseTest - Test PASSED: testGoogleSearch
2025-02-17 16:00:27 [TestNG-tests-1] INFO  tests.BaseTest - Driver closed after test: testGoogleSearch
2025-02-17 16:00:27 [main] INFO  tests.BaseTest - Extent Report flushed and saved.
2025-02-17 16:04:31 [main] INFO  tests.BaseTest - Extent Report initialized
2025-02-17 16:04:33 [TestNG-tests-1] INFO  tests.BaseTest - Starting test: testYahooFinance on browser: chrome
2025-02-17 16:05:21 [TestNG-tests-1] INFO  tests.BaseTest - Test PASSED: testYahooFinance
2025-02-17 16:05:22 [TestNG-tests-1] INFO  tests.BaseTest - Driver closed after test: testYahooFinance
2025-02-17 16:05:22 [main] INFO  tests.BaseTest - Extent Report flushed and saved.
2025-02-17 16:16:31 [main] INFO  tests.BaseTest - Extent Report initialized
2025-02-17 16:16:33 [TestNG-tests-1] INFO  tests.BaseTest - Starting test: testYahooFinance on browser: chrome
2025-02-17 16:17:24 [TestNG-tests-1] INFO  tests.BaseTest - Test PASSED: testYahooFinance
2025-02-17 16:17:24 [TestNG-tests-1] INFO  tests.BaseTest - Driver closed after test: testYahooFinance
2025-02-17 16:18:15 [main] INFO  tests.BaseTest - Extent Report initialized
2025-02-17 16:18:17 [TestNG-tests-1] INFO  tests.BaseTest - Starting test: testYahooFinance on browser: chrome
2025-02-17 16:18:31 [TestNG-tests-1] INFO  tests.BaseTest - Test PASSED: testYahooFinance
2025-02-17 16:18:32 [TestNG-tests-1] INFO  tests.BaseTest - Driver closed after test: testYahooFinance
2025-02-17 16:18:33 [main] INFO  tests.BaseTest - Extent Report flushed and saved.
